<?xml version='1.0' encoding='UTF-8'?>
<result plugin="junit@1.10">
  <suites>
    <suite>
      <file>/var/jenkins_home/workspace/scenario-4-do-not-introspect-myst-config-plan/target/surefire-reports/TEST-poc.rubiconred.fusioncloud.ci.util.TestExecution.xml</file>
      <name>poc.rubiconred.fusioncloud.ci.util.TestExecution</name>
      <duration>0.017</duration>
      <cases>
        <case>
          <duration>0.017</duration>
          <className>poc.rubiconred.fusioncloud.ci.util.TestExecution</className>
          <testName>testExecution</testName>
          <skipped>false</skipped>
          <failedSince>0</failedSince>
        </case>
      </cases>
    </suite>
  </suites>
  <duration>0.017</duration>
  <keepLongStdio>false</keepLongStdio>
</result>